<?xml version="1.0" encoding="UTF-8"?>
<testsuite name="Busqueda de hotel mas barato" tests="1" skipped="0" failures="0" errors="0" timestamp="2020-01-29T17:18:50" hostname="DESKTOP-3BGBOMP" time="0.283">
  <properties/>
  <testcase name="Busqueda de hotel mas barato" classname="Busqueda de hotel mas barato" time="0.283"/>
  <system-out><![CDATA[]]></system-out>
  <system-err><![CDATA[[Test worker] INFO net.thucydides.core.steps.ConsoleLoggingListener - 
        __    _____ _____ ____ _____   ____   _    ____  ____  _____ ____  
  _     \ \  |_   _| ____/ ___|_   _| |  _ \ / \  / ___|/ ___|| ____|  _ \ 
 (_)_____| |   | | |  _| \___ \ | |   | |_) / _ \ \___ \\___ \|  _| | | | |
  _|_____| |   | | | |___ ___) || |   |  __/ ___ \ ___) |___) | |___| |_| |
 (_)     | |   |_| |_____|____/ |_|   |_| /_/   \_\____/|____/|_____|____/ 
        /_/                                                                

TEST PASSED: Busqueda de hotel mas barato
----------------------------------------------------------------------------
]]></system-err>
</testsuite>
